<?xml version="1.0" encoding="UTF-8" ?>
<testsuite tests="8" failures="0" name="br.com.codecompany.rysys.api.test.annotation.TestIntFieldAnnotation" time="0.073" errors="0" skipped="0">
  <properties>
[...]
</properties>
  <testcase classname="br.com.codecompany.rysys.api.test.annotation.TestIntFieldAnnotation" name="populateZeroField" time="0.014"/>
  <testcase classname="br.com.codecompany.rysys.api.test.annotation.TestIntFieldAnnotation" name="populateNegativeZeroField" time="0.007"/>
  <testcase classname="br.com.codecompany.rysys.api.test.annotation.TestIntFieldAnnotation" name="populatePositiveZeroField" time="0.004"/>
  <testcase classname="br.com.codecompany.rysys.api.test.annotation.TestIntFieldAnnotation" name="populateNegativeField" time="0.006"/>
  <testcase classname="br.com.codecompany.rysys.api.test.annotation.TestIntFieldAnnotation" name="populatePositiveField" time="0.008"/>
  <testcase classname="br.com.codecompany.rysys.api.test.annotation.TestIntFieldAnnotation" name="populatePositiveFieldWithSign" time="0.014"/>
  <testcase classname="br.com.codecompany.rysys.api.test.annotation.TestIntFieldAnnotation" name="extractNegativeField" time="0.005"/>
  <testcase classname="br.com.codecompany.rysys.api.test.annotation.TestIntFieldAnnotation" name="extractPositiveField" time="0.008"/>
</testsuite>