<?xml version="1.0" encoding="UTF-8" ?>
<testsuite failures="0" time="0.03" errors="0" skipped="0" tests="18" name="br.com.codecompany.rysys.core.test.jce.TestEncrypters">
  <properties>
[...]
</properties>
  <testcase time="0.001" classname="br.com.codecompany.rysys.core.test.jce.TestDESEncrypter" name="encryptsUsingDesEde"/>
  <testcase time="0.001" classname="br.com.codecompany.rysys.core.test.jce.TestDESEncrypter" name="decryptsUsingDes"/>
  <testcase time="0.002" classname="br.com.codecompany.rysys.core.test.jce.TestDESEncrypter" name="cantInstantiateWithNullEncryptionKey"/>
  <testcase time="0.002" classname="br.com.codecompany.rysys.core.test.jce.TestDESEncrypter" name="cantInstantiateWithEmptyEncryptionKey"/>
  <testcase time="0.001" classname="br.com.codecompany.rysys.core.test.jce.TestDESEncrypter" name="cantDecryptWithNullString"/>
  <testcase time="0.001" classname="br.com.codecompany.rysys.core.test.jce.TestDESEncrypter" name="cantDecryptWithEmptyString"/>
  <testcase time="0.001" classname="br.com.codecompany.rysys.core.test.jce.TestDESEncrypter" name="cantEncryptWithNullString"/>
  <testcase time="0.001" classname="br.com.codecompany.rysys.core.test.jce.TestDESEncrypter" name="cantEncryptWithEmptyString"/>
  <testcase time="0.001" classname="br.com.codecompany.rysys.core.test.jce.TestDESEncrypter" name="encryptionKeyIsDefined"/>
  <testcase time="0.002" classname="br.com.codecompany.rysys.core.test.jce.TestDESEncrypter" name="encryptsUsingDes"/>
  <testcase time="0.001" classname="br.com.codecompany.rysys.core.test.jce.TestDESEncrypter" name="encryptionKeyCanContainLetters"/>
  <testcase time="0.001" classname="br.com.codecompany.rysys.core.test.jce.TestDESEncrypter" name="decryptsUsingDesEde"/>
  <testcase time="0.001" classname="br.com.codecompany.rysys.core.test.jce.TestEncrypterHelper" name="decryptUsingDES"/>
  <testcase time="0.001" classname="br.com.codecompany.rysys.core.test.jce.TestEncrypterHelper" name="decryptUsingPLAIN"/>
  <testcase time="0.001" classname="br.com.codecompany.rysys.core.test.jce.TestEncrypterHelper" name="decryptUsingNoStrategy"/>
  <testcase time="0.001" classname="br.com.codecompany.rysys.core.test.jce.TestEncrypterHelper" name="decryptUsingSpaceAsStrategy"/>
  <testcase time="0.001" classname="br.com.codecompany.rysys.core.test.jce.TestEncrypterHelper" name="decryptUsingEmptyStrategy"/>
  <testcase time="0.001" classname="br.com.codecompany.rysys.core.test.jce.TestEncrypterHelper" name="decryptUsingInvalidStrategy"/>
</testsuite>