<?xml version="1.0" encoding="UTF-8" ?>
<testsuite failures="0" time="0.263" errors="0" skipped="0" tests="2" name="br.com.codecompany.rysys.iso8583.test.annotation.TestFieldAnnotations">
  <properties>
[...]
</properties>
  <testcase time="0.024" classname="br.com.codecompany.rysys.iso8583.test.annotation.TestIso8583BitAnnotation" name="annotatedClass"/>
  <testcase time="0.001" classname="br.com.codecompany.rysys.iso8583.test.annotation.TestIso8583BitAnnotation" name="nonAnnotatedClass"/>
</testsuite>